<?xml version="1.0" encoding="UTF-8"?>
<!-- Generated by org.testng.reporters.JUnitXMLReporter -->
<testsuite ignored="15" hostname="DESKTOP-812S95I" failures="5" tests="35" name="Surefire test" time="8.999" errors="0" timestamp="2024-08-26T12:12:08 EEST">
  <testcase classname="base.BaseTests" name="@AfterMethod RecordFailures" time="0.004">
    <failure type="java.lang.NullPointerException" message="Cannot invoke &amp;quot;utilsFiles.RecordFailure.recordFailure(org.testng.ITestResult, String)&amp;quot; because &amp;quot;this.recordFailure&amp;quot; is null">
      <![CDATA[java.lang.NullPointerException: Cannot invoke "utilsFiles.RecordFailure.recordFailure(org.testng.ITestResult, String)" because "this.recordFailure" is null
at base.BaseTests.RecordFailures(BaseTests.java:62)
at java.base/java.util.ArrayList.forEach(ArrayList.java:1596)
... Removed 35 stack frames]]>
    </failure>
  </testcase> <!-- @AfterMethod RecordFailures -->
  <testcase classname="base.BaseTests" name="@AfterMethod RecordFailures" time="0.0">
    <skipped/>
  </testcase> <!-- @AfterMethod RecordFailures -->
  <testcase classname="base.BaseTests" name="@AfterMethod RecordFailures" time="0.001">
    <failure type="java.lang.NullPointerException" message="Cannot invoke &amp;quot;utilsFiles.RecordFailure.recordFailure(org.testng.ITestResult, String)&amp;quot; because &amp;quot;this.recordFailure&amp;quot; is null">
      <![CDATA[java.lang.NullPointerException: Cannot invoke "utilsFiles.RecordFailure.recordFailure(org.testng.ITestResult, String)" because "this.recordFailure" is null
at base.BaseTests.RecordFailures(BaseTests.java:62)
at java.base/java.util.ArrayList.forEach(ArrayList.java:1596)
... Removed 35 stack frames]]>
    </failure>
  </testcase> <!-- @AfterMethod RecordFailures -->
  <testcase classname="base.BaseTests" name="@AfterMethod RecordFailures" time="0.0">
    <skipped/>
  </testcase> <!-- @AfterMethod RecordFailures -->
  <testcase classname="base.BaseTests" name="@AfterMethod RecordFailures" time="0.0">
    <skipped/>
  </testcase> <!-- @AfterMethod RecordFailures -->
  <testcase classname="base.BaseTests" name="@AfterMethod RecordFailures" time="0.0">
    <skipped/>
  </testcase> <!-- @AfterMethod RecordFailures -->
  <testcase classname="base.BaseTests" name="@AfterMethod RecordFailures" time="0.002">
    <failure type="java.lang.NullPointerException" message="Cannot invoke &amp;quot;utilsFiles.RecordFailure.recordFailure(org.testng.ITestResult, String)&amp;quot; because &amp;quot;this.recordFailure&amp;quot; is null">
      <![CDATA[java.lang.NullPointerException: Cannot invoke "utilsFiles.RecordFailure.recordFailure(org.testng.ITestResult, String)" because "this.recordFailure" is null
at base.BaseTests.RecordFailures(BaseTests.java:62)
at java.base/java.util.ArrayList.forEach(ArrayList.java:1596)
... Removed 35 stack frames]]>
    </failure>
  </testcase> <!-- @AfterMethod RecordFailures -->
  <testcase classname="base.BaseTests" name="@AfterMethod RecordFailures" time="0.0">
    <skipped/>
  </testcase> <!-- @AfterMethod RecordFailures -->
  <testcase classname="base.BaseTests" name="@AfterMethod RecordFailures" time="0.0">
    <skipped/>
  </testcase> <!-- @AfterMethod RecordFailures -->
  <testcase classname="base.BaseTests" name="@AfterMethod RecordFailures" time="0.0">
    <skipped/>
  </testcase> <!-- @AfterMethod RecordFailures -->
  <testcase classname="base.BaseTests" name="@AfterMethod RecordFailures" time="0.0">
    <skipped/>
  </testcase> <!-- @AfterMethod RecordFailures -->
  <testcase classname="base.BaseTests" name="@AfterMethod RecordFailures" time="0.0">
    <skipped/>
  </testcase> <!-- @AfterMethod RecordFailures -->
  <testcase classname="base.BaseTests" name="@AfterMethod RecordFailures" time="0.0">
    <skipped/>
  </testcase> <!-- @AfterMethod RecordFailures -->
  <testcase classname="base.BaseTests" name="@AfterMethod RecordFailures" time="0.0">
    <skipped/>
  </testcase> <!-- @AfterMethod RecordFailures -->
  <testcase classname="base.BaseTests" name="@AfterMethod RecordFailures" time="0.0">
    <skipped/>
  </testcase> <!-- @AfterMethod RecordFailures -->
  <testcase classname="base.BaseTests" name="@AfterMethod RecordFailures" time="0.0">
    <skipped/>
  </testcase> <!-- @AfterMethod RecordFailures -->
  <testcase classname="base.BaseTests" name="@AfterMethod RecordFailures" time="0.0">
    <skipped/>
  </testcase> <!-- @AfterMethod RecordFailures -->
  <testcase classname="base.BaseTests" name="@AfterMethod RecordFailures" time="0.0">
    <skipped/>
  </testcase> <!-- @AfterMethod RecordFailures -->
  <testcase classname="base.BaseTests" name="@AfterMethod RecordFailures" time="0.0">
    <skipped/>
  </testcase> <!-- @AfterMethod RecordFailures -->
  <testcase classname="base.BaseTests" name="@AfterMethod RecordFailures" time="0.0">
    <skipped/>
  </testcase> <!-- @AfterMethod RecordFailures -->
  <testcase classname="base.BaseTests" name="@AfterMethod RecordFailures" time="0.001">
    <failure type="java.lang.NullPointerException" message="Cannot invoke &amp;quot;utilsFiles.RecordFailure.recordFailure(org.testng.ITestResult, String)&amp;quot; because &amp;quot;this.recordFailure&amp;quot; is null">
      <![CDATA[java.lang.NullPointerException: Cannot invoke "utilsFiles.RecordFailure.recordFailure(org.testng.ITestResult, String)" because "this.recordFailure" is null
at base.BaseTests.RecordFailures(BaseTests.java:62)
at java.base/java.util.ArrayList.forEach(ArrayList.java:1596)
... Removed 35 stack frames]]>
    </failure>
  </testcase> <!-- @AfterMethod RecordFailures -->
  <testcase classname="base.BaseTests" name="@AfterMethod RecordFailures" time="0.0">
    <skipped/>
  </testcase> <!-- @AfterMethod RecordFailures -->
  <testcase classname="base.BaseTests" name="@AfterMethod RecordFailures" time="0.0">
    <skipped/>
  </testcase> <!-- @AfterMethod RecordFailures -->
  <testcase classname="base.BaseTests" name="@AfterMethod RecordFailures" time="0.0">
    <skipped/>
  </testcase> <!-- @AfterMethod RecordFailures -->
  <testcase classname="base.BaseTests" name="@AfterMethod RecordFailures" time="0.0">
    <skipped/>
  </testcase> <!-- @AfterMethod RecordFailures -->
  <testcase classname="base.BaseTests" name="@AfterMethod RecordFailures" time="0.0">
    <skipped/>
  </testcase> <!-- @AfterMethod RecordFailures -->
  <testcase classname="base.BaseTests" name="@AfterMethod RecordFailures" time="0.0">
    <skipped/>
  </testcase> <!-- @AfterMethod RecordFailures -->
  <testcase classname="base.BaseTests" name="@AfterMethod RecordFailures" time="0.0">
    <skipped/>
  </testcase> <!-- @AfterMethod RecordFailures -->
  <testcase classname="base.BaseTests" name="@AfterMethod RecordFailures" time="0.0">
    <skipped/>
  </testcase> <!-- @AfterMethod RecordFailures -->
  <testcase classname="base.BaseTests" name="@AfterMethod RecordFailures" time="0.0">
    <skipped/>
  </testcase> <!-- @AfterMethod RecordFailures -->
  <testcase classname="base.BaseTests" name="@AfterMethod RecordFailures" time="0.0">
    <skipped/>
  </testcase> <!-- @AfterMethod RecordFailures -->
  <testcase classname="base.BaseTests" name="@AfterMethod RecordFailures" time="0.0">
    <skipped/>
  </testcase> <!-- @AfterMethod RecordFailures -->
  <testcase classname="base.BaseTests" name="@AfterMethod RecordFailures" time="0.0">
    <skipped/>
  </testcase> <!-- @AfterMethod RecordFailures -->
  <testcase classname="base.BaseTests" name="@AfterMethod RecordFailures" time="0.0">
    <skipped/>
  </testcase> <!-- @AfterMethod RecordFailures -->
  <testcase classname="base.BaseTests" name="@AfterMethod RecordFailures" time="0.001">
    <failure type="java.lang.NullPointerException" message="Cannot invoke &amp;quot;utilsFiles.RecordFailure.recordFailure(org.testng.ITestResult, String)&amp;quot; because &amp;quot;this.recordFailure&amp;quot; is null">
      <![CDATA[java.lang.NullPointerException: Cannot invoke "utilsFiles.RecordFailure.recordFailure(org.testng.ITestResult, String)" because "this.recordFailure" is null
at base.BaseTests.RecordFailures(BaseTests.java:62)
at java.base/java.util.ArrayList.forEach(ArrayList.java:1596)
... Removed 35 stack frames]]>
    </failure>
  </testcase> <!-- @AfterMethod RecordFailures -->
  <testcase classname="base.BaseTests" name="@AfterTest tearDown" time="0.0">
    <skipped/>
  </testcase> <!-- @AfterTest tearDown -->
  <testcase classname="LoginPage.loginPageConfirmPasswordTests" name="testLogin_ConfirmPassword_Empty" time="0.062">
    <failure type="java.lang.NullPointerException" message="Cannot invoke &amp;quot;org.openqa.selenium.WebDriver.findElement(org.openqa.selenium.By)&amp;quot; because &amp;quot;driver&amp;quot; is null">
      <![CDATA[java.lang.NullPointerException: Cannot invoke "org.openqa.selenium.WebDriver.findElement(org.openqa.selenium.By)" because "driver" is null
at org.openqa.selenium.support.ui.ExpectedConditions$6.apply(ExpectedConditions.java:171)
at org.openqa.selenium.support.ui.ExpectedConditions$6.apply(ExpectedConditions.java:168)
at org.openqa.selenium.support.ui.FluentWait.until(FluentWait.java:203)
at utilsFiles.UtilsDriverMethods.fluentWait(UtilsDriverMethods.java:59)
at Pages.LoginPage.entering_FirstName(LoginPage.java:47)
at LoginPage.loginPageConfirmPasswordTests.testLogin_ConfirmPassword_Empty(loginPageConfirmPasswordTests.java:15)
at java.base/java.util.ArrayList.forEach(ArrayList.java:1596)
... Removed 30 stack frames]]>
    </failure>
  </testcase> <!-- testLogin_ConfirmPassword_Empty -->
  <testcase classname="LoginPage.loginPageConfirmPasswordTests" name="testLogin_ConfirmPassword_NotMatchPassword" time="0.0">
    <skipped/>
  </testcase> <!-- testLogin_ConfirmPassword_NotMatchPassword -->
  <testcase classname="LoginPage.loginPageEmailTests" name="testLogin_Email_Empty" time="0.002">
    <failure type="java.lang.NullPointerException" message="Cannot invoke &amp;quot;org.openqa.selenium.WebDriver.findElement(org.openqa.selenium.By)&amp;quot; because &amp;quot;driver&amp;quot; is null">
      <![CDATA[java.lang.NullPointerException: Cannot invoke "org.openqa.selenium.WebDriver.findElement(org.openqa.selenium.By)" because "driver" is null
at org.openqa.selenium.support.ui.ExpectedConditions$6.apply(ExpectedConditions.java:171)
at org.openqa.selenium.support.ui.ExpectedConditions$6.apply(ExpectedConditions.java:168)
at org.openqa.selenium.support.ui.FluentWait.until(FluentWait.java:203)
at utilsFiles.UtilsDriverMethods.fluentWait(UtilsDriverMethods.java:59)
at Pages.LoginPage.entering_FirstName(LoginPage.java:47)
at LoginPage.loginPageEmailTests.testLogin_Email_Empty(loginPageEmailTests.java:16)
at java.base/java.util.ArrayList.forEach(ArrayList.java:1596)
... Removed 30 stack frames]]>
    </failure>
  </testcase> <!-- testLogin_Email_Empty -->
  <testcase classname="LoginPage.loginPageEmailTests" name="testLogin_Email_AcceptsOnlyValidFormat" time="0.001">
    <skipped/>
  </testcase> <!-- testLogin_Email_AcceptsOnlyValidFormat -->
  <testcase classname="LoginPage.loginPageEmailTests" name="testLogin_Email_InValidFormat_withoutAT" time="0.0">
    <skipped/>
  </testcase> <!-- testLogin_Email_InValidFormat_withoutAT -->
  <testcase classname="LoginPage.loginPageEmailTests" name="testLogin_Email_InValidFormat_withoutDomain" time="0.0">
    <skipped/>
  </testcase> <!-- testLogin_Email_InValidFormat_withoutDomain -->
  <testcase classname="LoginPage.loginPageFirstNameTests" name="testLogin_FirstName_Empty" time="0.005">
    <failure type="java.lang.NullPointerException" message="Cannot invoke &amp;quot;org.openqa.selenium.WebDriver.findElement(org.openqa.selenium.By)&amp;quot; because &amp;quot;driver&amp;quot; is null">
      <![CDATA[java.lang.NullPointerException: Cannot invoke "org.openqa.selenium.WebDriver.findElement(org.openqa.selenium.By)" because "driver" is null
at org.openqa.selenium.support.ui.ExpectedConditions$6.apply(ExpectedConditions.java:171)
at org.openqa.selenium.support.ui.ExpectedConditions$6.apply(ExpectedConditions.java:168)
at org.openqa.selenium.support.ui.FluentWait.until(FluentWait.java:203)
at utilsFiles.UtilsDriverMethods.fluentWait(UtilsDriverMethods.java:59)
at Pages.LoginPage.entering_FirstName(LoginPage.java:47)
at LoginPage.loginPageFirstNameTests.testLogin_FirstName_Empty(loginPageFirstNameTests.java:17)
at java.base/java.util.ArrayList.forEach(ArrayList.java:1596)
... Removed 30 stack frames]]>
    </failure>
  </testcase> <!-- testLogin_FirstName_Empty -->
  <testcase classname="LoginPage.loginPageFirstNameTests" name="testLogin_FirstName_acceptsOnlyChars" time="0.0">
    <skipped/>
  </testcase> <!-- testLogin_FirstName_acceptsOnlyChars -->
  <testcase classname="LoginPage.loginPageFirstNameTests" name="testLogin_FirstName_InvalidCharacters" time="0.0">
    <skipped/>
  </testcase> <!-- testLogin_FirstName_InvalidCharacters -->
  <testcase classname="LoginPage.loginPageFirstNameTests" name="testLogin_FirstName_InvalidCharacters" time="0.0">
    <skipped/>
  </testcase> <!-- testLogin_FirstName_InvalidCharacters -->
  <testcase classname="LoginPage.loginPageFirstNameTests" name="testLogin_FirstName_InvalidCharacters" time="0.0">
    <skipped/>
  </testcase> <!-- testLogin_FirstName_InvalidCharacters -->
  <testcase classname="LoginPage.loginPageFirstNameTests" name="testLogin_FirstName_InvalidCharacters" time="0.0">
    <skipped/>
  </testcase> <!-- testLogin_FirstName_InvalidCharacters -->
  <testcase classname="LoginPage.loginPageFirstNameTests" name="testLogin_FirstName_InvalidCharacters" time="0.0">
    <skipped/>
  </testcase> <!-- testLogin_FirstName_InvalidCharacters -->
  <testcase classname="LoginPage.loginPageFirstNameTests" name="testLogin_FirstName_InvalidCharacters" time="0.0">
    <skipped/>
  </testcase> <!-- testLogin_FirstName_InvalidCharacters -->
  <testcase classname="LoginPage.loginPageFirstNameTests" name="testLogin_FirstName_InvalidCharacters" time="0.0">
    <skipped/>
  </testcase> <!-- testLogin_FirstName_InvalidCharacters -->
  <testcase classname="LoginPage.loginPageFirstNameTests" name="testLogin_FirstName_InvalidCharacters" time="0.0">
    <skipped/>
  </testcase> <!-- testLogin_FirstName_InvalidCharacters -->
  <testcase classname="LoginPage.loginPageFirstNameTests" name="testLogin_FirstName_InvalidCharacters" time="0.0">
    <skipped/>
  </testcase> <!-- testLogin_FirstName_InvalidCharacters -->
  <testcase classname="LoginPage.loginPageFirstNameTests" name="testLogin_FirstName_less_minimum_length_1char" time="0.0">
    <skipped/>
  </testcase> <!-- testLogin_FirstName_less_minimum_length_1char -->
  <testcase classname="LoginPage.loginPageFirstNameTests" name="testLogin_FirstName_equal_minimum_length_2char" time="0.0">
    <skipped/>
  </testcase> <!-- testLogin_FirstName_equal_minimum_length_2char -->
  <testcase classname="LoginPage.loginPageFirstNameTests" name="testLogin_FirstName_less_minimum_length_3char" time="0.0">
    <skipped/>
  </testcase> <!-- testLogin_FirstName_less_minimum_length_3char -->
  <testcase classname="LoginPage.loginPageLastNameTests" name="testLogin_LastName_Empty" time="0.003">
    <failure type="java.lang.NullPointerException" message="Cannot invoke &amp;quot;org.openqa.selenium.WebDriver.findElement(org.openqa.selenium.By)&amp;quot; because &amp;quot;driver&amp;quot; is null">
      <![CDATA[java.lang.NullPointerException: Cannot invoke "org.openqa.selenium.WebDriver.findElement(org.openqa.selenium.By)" because "driver" is null
at org.openqa.selenium.support.ui.ExpectedConditions$6.apply(ExpectedConditions.java:171)
at org.openqa.selenium.support.ui.ExpectedConditions$6.apply(ExpectedConditions.java:168)
at org.openqa.selenium.support.ui.FluentWait.until(FluentWait.java:203)
at utilsFiles.UtilsDriverMethods.fluentWait(UtilsDriverMethods.java:59)
at Pages.LoginPage.entering_FirstName(LoginPage.java:47)
at LoginPage.loginPageLastNameTests.testLogin_LastName_Empty(loginPageLastNameTests.java:17)
at java.base/java.util.ArrayList.forEach(ArrayList.java:1596)
... Removed 30 stack frames]]>
    </failure>
  </testcase> <!-- testLogin_LastName_Empty -->
  <testcase classname="LoginPage.loginPageLastNameTests" name="testLogin_LastName_acceptsOnlyChars" time="0.0">
    <skipped/>
  </testcase> <!-- testLogin_LastName_acceptsOnlyChars -->
  <testcase classname="LoginPage.loginPageLastNameTests" name="testLogin_LastName_InvalidCharacters" time="0.0">
    <skipped/>
  </testcase> <!-- testLogin_LastName_InvalidCharacters -->
  <testcase classname="LoginPage.loginPageLastNameTests" name="testLogin_LastName_InvalidCharacters" time="0.0">
    <skipped/>
  </testcase> <!-- testLogin_LastName_InvalidCharacters -->
  <testcase classname="LoginPage.loginPageLastNameTests" name="testLogin_LastName_InvalidCharacters" time="0.001">
    <skipped/>
  </testcase> <!-- testLogin_LastName_InvalidCharacters -->
  <testcase classname="LoginPage.loginPageLastNameTests" name="testLogin_LastName_InvalidCharacters" time="0.0">
    <skipped/>
  </testcase> <!-- testLogin_LastName_InvalidCharacters -->
  <testcase classname="LoginPage.loginPageLastNameTests" name="testLogin_LastName_InvalidCharacters" time="0.0">
    <skipped/>
  </testcase> <!-- testLogin_LastName_InvalidCharacters -->
  <testcase classname="LoginPage.loginPageLastNameTests" name="testLogin_LastName_InvalidCharacters" time="0.0">
    <skipped/>
  </testcase> <!-- testLogin_LastName_InvalidCharacters -->
  <testcase classname="LoginPage.loginPageLastNameTests" name="testLogin_LastName_InvalidCharacters" time="0.0">
    <skipped/>
  </testcase> <!-- testLogin_LastName_InvalidCharacters -->
  <testcase classname="LoginPage.loginPageLastNameTests" name="testLogin_LastName_InvalidCharacters" time="0.0">
    <skipped/>
  </testcase> <!-- testLogin_LastName_InvalidCharacters -->
  <testcase classname="LoginPage.loginPageLastNameTests" name="testLogin_LastName_InvalidCharacters" time="0.0">
    <skipped/>
  </testcase> <!-- testLogin_LastName_InvalidCharacters -->
  <testcase classname="LoginPage.loginPageLastNameTests" name="testLogin_LastName_less_minimum_length_1char" time="0.0">
    <skipped/>
  </testcase> <!-- testLogin_LastName_less_minimum_length_1char -->
  <testcase classname="LoginPage.loginPageLastNameTests" name="testLogin_LastName_less_minimum_length_2char" time="0.0">
    <skipped/>
  </testcase> <!-- testLogin_LastName_less_minimum_length_2char -->
  <testcase classname="LoginPage.loginPageLastNameTests" name="testLogin_LastName_less_minimum_length_3char" time="0.0">
    <skipped/>
  </testcase> <!-- testLogin_LastName_less_minimum_length_3char -->
  <testcase classname="LoginPage.loginPagePasswordTests" name="testLogin_Password_Empty" time="0.002">
    <failure type="java.lang.NullPointerException" message="Cannot invoke &amp;quot;org.openqa.selenium.WebDriver.findElement(org.openqa.selenium.By)&amp;quot; because &amp;quot;driver&amp;quot; is null">
      <![CDATA[java.lang.NullPointerException: Cannot invoke "org.openqa.selenium.WebDriver.findElement(org.openqa.selenium.By)" because "driver" is null
at org.openqa.selenium.support.ui.ExpectedConditions$6.apply(ExpectedConditions.java:171)
at org.openqa.selenium.support.ui.ExpectedConditions$6.apply(ExpectedConditions.java:168)
at org.openqa.selenium.support.ui.FluentWait.until(FluentWait.java:203)
at utilsFiles.UtilsDriverMethods.fluentWait(UtilsDriverMethods.java:59)
at Pages.LoginPage.entering_FirstName(LoginPage.java:47)
at LoginPage.loginPagePasswordTests.testLogin_Password_Empty(loginPagePasswordTests.java:16)
at java.base/java.util.ArrayList.forEach(ArrayList.java:1596)
... Removed 30 stack frames]]>
    </failure>
  </testcase> <!-- testLogin_Password_Empty -->
  <testcase classname="base.BaseTests" name="@BeforeTest setupDriver" time="0.0">
    <ignored/>
  </testcase> <!-- @BeforeTest setupDriver -->
  <testcase classname="base.BaseTests" name="@BeforeSuite defineSuite" time="0.0">
    <ignored/>
  </testcase> <!-- @BeforeSuite defineSuite -->
  <testcase classname="base.BaseTests" name="@BeforeSuite defineSuite" time="0.0">
    <ignored/>
  </testcase> <!-- @BeforeSuite defineSuite -->
  <testcase classname="base.BaseTests" name="@AfterTest tearDown" time="0.0">
    <ignored/>
  </testcase> <!-- @AfterTest tearDown -->
  <testcase classname="base.BaseTests" name="@BeforeSuite defineSuite" time="0.0">
    <ignored/>
  </testcase> <!-- @BeforeSuite defineSuite -->
  <testcase classname="base.BaseTests" name="@AfterTest tearDown" time="0.0">
    <ignored/>
  </testcase> <!-- @AfterTest tearDown -->
  <testcase classname="base.BaseTests" name="@BeforeTest setupDriver" time="0.0">
    <ignored/>
  </testcase> <!-- @BeforeTest setupDriver -->
  <testcase classname="base.BaseTests" name="@AfterTest tearDown" time="0.0">
    <ignored/>
  </testcase> <!-- @AfterTest tearDown -->
  <testcase classname="base.BaseTests" name="@AfterTest tearDown" time="0.0">
    <ignored/>
  </testcase> <!-- @AfterTest tearDown -->
  <testcase classname="base.BaseTests" name="@BeforeSuite defineSuite" time="0.0">
    <ignored/>
  </testcase> <!-- @BeforeSuite defineSuite -->
  <testcase classname="base.BaseTests" name="@BeforeTest setupDriver" time="0.0">
    <ignored/>
  </testcase> <!-- @BeforeTest setupDriver -->
  <testcase classname="base.BaseTests" name="@AfterTest tearDown" time="0.0">
    <ignored/>
  </testcase> <!-- @AfterTest tearDown -->
  <testcase classname="base.BaseTests" name="@BeforeTest setupDriver" time="0.0">
    <ignored/>
  </testcase> <!-- @BeforeTest setupDriver -->
  <testcase classname="base.BaseTests" name="@BeforeSuite defineSuite" time="0.0">
    <ignored/>
  </testcase> <!-- @BeforeSuite defineSuite -->
  <testcase classname="base.BaseTests" name="@BeforeTest setupDriver" time="0.0">
    <ignored/>
  </testcase> <!-- @BeforeTest setupDriver -->
</testsuite> <!-- Surefire test -->
